/home/lemma137/miniconda3/envs/moonstone/lib/python3.14/site-packages/distributed/cli/dask_worker.py:266: FutureWarning: dask-worker is deprecated and will be removed in a future release; use `dask worker` instead
  warnings.warn(
2026-02-03 14:50:20,170 - distributed.nanny - INFO -         Start Nanny at: 'tcp://127.0.0.1:34301'
2026-02-03 14:50:20,697 - distributed.worker - INFO -       Start worker at:      tcp://127.0.0.1:36941
2026-02-03 14:50:20,697 - distributed.worker - INFO -          Listening to:      tcp://127.0.0.1:36941
2026-02-03 14:50:20,697 - distributed.worker - INFO -          dashboard at:            127.0.0.1:44125
2026-02-03 14:50:20,697 - distributed.worker - INFO - Waiting to connect to:       tcp://localhost:8786
2026-02-03 14:50:20,698 - distributed.worker - INFO - -------------------------------------------------
2026-02-03 14:50:20,698 - distributed.worker - INFO -               Threads:                         16
2026-02-03 14:50:20,698 - distributed.worker - INFO -                Memory:                   7.71 GiB
2026-02-03 14:50:20,698 - distributed.worker - INFO -       Local Directory: /tmp/dask-scratch-space/worker-grn3vlsb
2026-02-03 14:50:20,698 - distributed.worker - INFO - -------------------------------------------------
2026-02-03 14:50:20,708 - distributed.worker - INFO - Starting Worker plugin shuffle
2026-02-03 14:50:20,709 - distributed.worker - INFO -         Registered to:       tcp://localhost:8786
2026-02-03 14:50:20,709 - distributed.worker - INFO - -------------------------------------------------
2026-02-03 14:50:20,709 - distributed.core - INFO - Starting established connection to tcp://localhost:8786
2026-02-03 15:44:00,040 - distributed.core - INFO - Event loop was unresponsive in Worker for 4.09s.  This is often caused by long-running GIL-holding functions or moving large chunks of data. This can cause timeouts and instability.
2026-02-03 15:44:03,118 - distributed.core - INFO - Event loop was unresponsive in Nanny for 3.65s.  This is often caused by long-running GIL-holding functions or moving large chunks of data. This can cause timeouts and instability.
2026-02-03 15:44:05,328 - distributed.core - INFO - Event loop was unresponsive in Worker for 5.27s.  This is often caused by long-running GIL-holding functions or moving large chunks of data. This can cause timeouts and instability.
2026-02-03 15:44:06,266 - distributed.core - INFO - Event loop was unresponsive in Nanny for 3.25s.  This is often caused by long-running GIL-holding functions or moving large chunks of data. This can cause timeouts and instability.
2026-02-03 15:44:08,635 - distributed.core - INFO - Event loop was unresponsive in Worker for 3.33s.  This is often caused by long-running GIL-holding functions or moving large chunks of data. This can cause timeouts and instability.
2026-02-03 15:45:06,228 - distributed.core - INFO - Event loop was unresponsive in Nanny for 5.48s.  This is often caused by long-running GIL-holding functions or moving large chunks of data. This can cause timeouts and instability.
2026-02-03 15:45:06,234 - distributed.core - INFO - Event loop was unresponsive in Worker for 5.68s.  This is often caused by long-running GIL-holding functions or moving large chunks of data. This can cause timeouts and instability.
2026-02-03 15:45:46,465 - distributed.core - INFO - Event loop was unresponsive in Worker for 7.15s.  This is often caused by long-running GIL-holding functions or moving large chunks of data. This can cause timeouts and instability.
2026-02-03 15:45:49,256 - distributed.core - INFO - Event loop was unresponsive in Nanny for 6.67s.  This is often caused by long-running GIL-holding functions or moving large chunks of data. This can cause timeouts and instability.
2026-02-03 15:46:06,783 - distributed.core - INFO - Event loop was unresponsive in Nanny for 17.32s.  This is often caused by long-running GIL-holding functions or moving large chunks of data. This can cause timeouts and instability.
2026-02-03 15:46:14,280 - distributed.core - INFO - Event loop was unresponsive in Worker for 27.92s.  This is often caused by long-running GIL-holding functions or moving large chunks of data. This can cause timeouts and instability.
2026-02-03 15:46:14,886 - distributed.core - INFO - Event loop was unresponsive in Nanny for 8.42s.  This is often caused by long-running GIL-holding functions or moving large chunks of data. This can cause timeouts and instability.
